Adapter #0

Enclosure Device ID: 252
Slot Number: 1
Drive's position: DiskGroup: 0, Span: 0, Arm: 2
Enclosure position: N/A
Device Id: 42
WWN: 4154412020202020
Sequence Number: 2
Media Error Count: 0
Other Error Count: 0
Predictive Failure Count: 0
Last Predictive Failure Event Seq Number: 0
PD Type: SATA

Raw Size: 476.939 GB [0x3b9e12b0 Sectors]
Non Coerced Size: 476.439 GB [0x3b8e12b0 Sectors]
Coerced Size: 475.905 GB [0x3b7cf800 Sectors]
Sector Size:  0
Firmware state: Online, Spun Up
Device Firmware Level: 61.5
Shield Counter: 0
Successful diagnostics completion on :  N/A
SAS Address(0): 0x4433221102000000
Connected Port Number: 2(path0) 
Inquiry Data: 22080509200015      Vi550 S3 SSD                            SBFM61.5
FDE Capable: Not Capable
FDE Enable: Disable
Secured: Unsecured
Locked: Unlocked
Needs EKM Attention: No
Foreign State: None 
Device Speed: 6.0Gb/s 
Link Speed: 6.0Gb/s 
Media Type: Solid State Device
Drive:  Not Certified
Drive Temperature : N/A
PI Eligibility:  No 
Drive is formatted for PI information:  No
PI: No PI
Drive's NCQ setting : N/A
Port-0 :
Port status: Active
Port's Linkspeed: 6.0Gb/s 
Drive has flagged a S.M.A.R.T alert : No



Enclosure Device ID: 252
Slot Number: 2
Drive's position: DiskGroup: 0, Span: 0, Arm: 1
Enclosure position: N/A
Device Id: 37
WWN: 4154412020202020
Sequence Number: 2
Media Error Count: 0
Other Error Count: 0
Predictive Failure Count: 0
Last Predictive Failure Event Seq Number: 0
PD Type: SATA

Raw Size: 476.939 GB [0x3b9e12b0 Sectors]
Non Coerced Size: 476.439 GB [0x3b8e12b0 Sectors]
Coerced Size: 475.905 GB [0x3b7cf800 Sectors]
Sector Size:  0
Firmware state: Online, Spun Up
Device Firmware Level: 61.5
Shield Counter: 0
Successful diagnostics completion on :  N/A
SAS Address(0): 0x4433221101000000
Connected Port Number: 1(path0) 
Inquiry Data: 22080509200302      Vi550 S3 SSD                            SBFM61.5
FDE Capable: Not Capable
FDE Enable: Disable
Secured: Unsecured
Locked: Unlocked
Needs EKM Attention: No
Foreign State: None 
Device Speed: 6.0Gb/s 
Link Speed: 6.0Gb/s 
Media Type: Solid State Device
Drive:  Not Certified
Drive Temperature : N/A
PI Eligibility:  No 
Drive is formatted for PI information:  No
PI: No PI
Drive's NCQ setting : N/A
Port-0 :
Port status: Active
Port's Linkspeed: 6.0Gb/s 
Drive has flagged a S.M.A.R.T alert : No



Enclosure Device ID: 252
Slot Number: 3
Drive's position: DiskGroup: 0, Span: 0, Arm: 0
Enclosure position: N/A
Device Id: 35
WWN: 4154412020202020
Sequence Number: 2
Media Error Count: 0
Other Error Count: 0
Predictive Failure Count: 0
Last Predictive Failure Event Seq Number: 0
PD Type: SATA

Raw Size: 476.939 GB [0x3b9e12b0 Sectors]
Non Coerced Size: 476.439 GB [0x3b8e12b0 Sectors]
Coerced Size: 475.905 GB [0x3b7cf800 Sectors]
Sector Size:  0
Firmware state: Online, Spun Up
Device Firmware Level: 61.5
Shield Counter: 0
Successful diagnostics completion on :  N/A
SAS Address(0): 0x4433221100000000
Connected Port Number: 0(path0) 
Inquiry Data: 22080509200301      Vi550 S3 SSD                            SBFM61.5
FDE Capable: Not Capable
FDE Enable: Disable
Secured: Unsecured
Locked: Unlocked
Needs EKM Attention: No
Foreign State: None 
Device Speed: 6.0Gb/s 
Link Speed: 6.0Gb/s 
Media Type: Solid State Device
Drive:  Not Certified
Drive Temperature : N/A
PI Eligibility:  No 
Drive is formatted for PI information:  No
PI: No PI
Drive's NCQ setting : N/A
Port-0 :
Port status: Active
Port's Linkspeed: 6.0Gb/s 
Drive has flagged a S.M.A.R.T alert : No



Enclosure Device ID: 252
Slot Number: 4
Drive's position: DiskGroup: 1, Span: 0, Arm: 0
Enclosure position: N/A
Device Id: 49
WWN: 5000C500412DEB30
Sequence Number: 2
Media Error Count: 0
Other Error Count: 0
Predictive Failure Count: 0
Last Predictive Failure Event Seq Number: 0
PD Type: SAS

Raw Size: 931.512 GB [0x74706db0 Sectors]
Non Coerced Size: 931.012 GB [0x74606db0 Sectors]
Coerced Size: 930.390 GB [0x744c8000 Sectors]
Sector Size:  0
Firmware state: Online, Spun Up
Device Firmware Level: PN04
Shield Counter: 0
Successful diagnostics completion on :  N/A
SAS Address(0): 0x5000c500412deb31
SAS Address(1): 0x0
Connected Port Number: 3(path0) 
Inquiry Data: SEAGATE ST1000NM0001    PN04Z1N0YQS0            
FDE Capable: Not Capable
FDE Enable: Disable
Secured: Unsecured
Locked: Unlocked
Needs EKM Attention: No
Foreign State: None 
Device Speed: 6.0Gb/s 
Link Speed: 6.0Gb/s 
Media Type: Hard Disk Device
Drive:  Not Certified
Drive Temperature :37C (98.60 F)
PI Eligibility:  No 
Drive is formatted for PI information:  No
PI: No PI
Port-0 :
Port status: Active
Port's Linkspeed: 6.0Gb/s 
Port-1 :
Port status: Active
Port's Linkspeed: Unknown 
Drive has flagged a S.M.A.R.T alert : No



Enclosure Device ID: 252
Slot Number: 5
Drive's position: DiskGroup: 1, Span: 0, Arm: 1
Enclosure position: N/A
Device Id: 47
WWN: 5000C50041760730
Sequence Number: 2
Media Error Count: 0
Other Error Count: 0
Predictive Failure Count: 0
Last Predictive Failure Event Seq Number: 0
PD Type: SAS

Raw Size: 931.512 GB [0x74706db0 Sectors]
Non Coerced Size: 931.012 GB [0x74606db0 Sectors]
Coerced Size: 930.390 GB [0x744c8000 Sectors]
Sector Size:  0
Firmware state: Online, Spun Up
Device Firmware Level: PN04
Shield Counter: 0
Successful diagnostics completion on :  N/A
SAS Address(0): 0x5000c50041760731
SAS Address(1): 0x0
Connected Port Number: 4(path0) 
Inquiry Data: SEAGATE ST1000NM0001    PN04Z1N1CD4J            
FDE Capable: Not Capable
FDE Enable: Disable
Secured: Unsecured
Locked: Unlocked
Needs EKM Attention: No
Foreign State: None 
Device Speed: 6.0Gb/s 
Link Speed: 6.0Gb/s 
Media Type: Hard Disk Device
Drive:  Not Certified
Drive Temperature :36C (96.80 F)
PI Eligibility:  No 
Drive is formatted for PI information:  No
PI: No PI
Port-0 :
Port status: Active
Port's Linkspeed: 6.0Gb/s 
Port-1 :
Port status: Active
Port's Linkspeed: Unknown 
Drive has flagged a S.M.A.R.T alert : No



Enclosure Device ID: 252
Slot Number: 6
Drive's position: DiskGroup: 1, Span: 0, Arm: 2
Enclosure position: N/A
Device Id: 48
WWN: 5000C500412BD1B4
Sequence Number: 2
Media Error Count: 0
Other Error Count: 0
Predictive Failure Count: 0
Last Predictive Failure Event Seq Number: 0
PD Type: SAS

Raw Size: 931.512 GB [0x74706db0 Sectors]
Non Coerced Size: 931.012 GB [0x74606db0 Sectors]
Coerced Size: 930.390 GB [0x744c8000 Sectors]
Sector Size:  0
Firmware state: Online, Spun Up
Device Firmware Level: PN04
Shield Counter: 0
Successful diagnostics completion on :  N/A
SAS Address(0): 0x5000c500412bd1b5
SAS Address(1): 0x0
Connected Port Number: 5(path0) 
Inquiry Data: SEAGATE ST1000NM0001    PN04Z1N0ZQD0            
FDE Capable: Not Capable
FDE Enable: Disable
Secured: Unsecured
Locked: Unlocked
Needs EKM Attention: No
Foreign State: None 
Device Speed: 6.0Gb/s 
Link Speed: 6.0Gb/s 
Media Type: Hard Disk Device
Drive:  Not Certified
Drive Temperature :36C (96.80 F)
PI Eligibility:  No 
Drive is formatted for PI information:  No
PI: No PI
Port-0 :
Port status: Active
Port's Linkspeed: 6.0Gb/s 
Port-1 :
Port status: Active
Port's Linkspeed: Unknown 
Drive has flagged a S.M.A.R.T alert : No




Exit Code: 0x00
